# JRE version: 7.0_17-b02
# Java VM: Java HotSpot(TM) 64-Bit Server VM (23.7-b01 mixed mode bsd-amd64 compressed oops)
Heap
 def new generation   total 4736K, used 4736K [0x00000007eb800000, 0x00000007ebd20000, 0x00000007f0a00000)
  eden space 4224K, 100% used [0x00000007eb800000, 0x00000007ebc20000, 0x00000007ebc20000)
  from space 512K, 100% used [0x00000007ebc20000, 0x00000007ebca0000, 0x00000007ebca0000)
  to   space 512K,   0% used [0x00000007ebca0000, 0x00000007ebca0000, 0x00000007ebd20000)
 tenured generation   total 10496K, used 5332K [0x00000007f0a00000, 0x00000007f1440000, 0x00000007fae00000)
   the space 10496K,  50% used [0x00000007f0a00000, 0x00000007f0f35228, 0x00000007f0f35400, 0x00000007f1440000)
 compacting perm gen  total 21248K, used 5914K [0x00000007fae00000, 0x00000007fc2c0000, 0x0000000800000000)
   the space 21248K,  27% used [0x00000007fae00000, 0x00000007fb3c6868, 0x00000007fb3c6a00, 0x00000007fc2c0000)
GC Heap History (10 events):
Event: 1.655 GC heap before
{Heap before GC invocations=49 (full 0):
 def new generation   total 4736K, used 4735K [0x00000007eb800000, 0x00000007ebd20000, 0x00000007f0a00000)
  eden space 4224K, 100% used [0x00000007eb800000, 0x00000007ebc20000, 0x00000007ebc20000)
  from space 512K,  99% used [0x00000007ebca0000, 0x00000007ebd1fff0, 0x00000007ebd20000)
  to   space 512K,   0% used [0x00000007ebc20000, 0x00000007ebc20000, 0x00000007ebca0000)
 tenured generation   total 10496K, used 4914K [0x00000007f0a00000, 0x00000007f1440000, 0x00000007fae00000)
   the space 10496K,  46% used [0x00000007f0a00000, 0x00000007f0ecc8b8, 0x00000007f0ecca00, 0x00000007f1440000)
 compacting perm gen  total 21248K, used 5571K [0x00000007fae00000, 0x00000007fc2c0000, 0x0000000800000000)
   the space 21248K,  26% used [0x00000007fae00000, 0x00000007fb370fe8, 0x00000007fb371000, 0x00000007fc2c0000)
No shared spaces configured.
Event: 1.655 GC heap after
Heap after GC invocations=50 (full 0):
 def new generation   total 4736K, used 511K [0x00000007eb800000, 0x00000007ebd20000, 0x00000007f0a00000)
  eden space 4224K,   0% used [0x00000007eb800000, 0x00000007eb800000, 0x00000007ebc20000)
  from space 512K,  99% used [0x00000007ebc20000, 0x00000007ebc9fff0, 0x00000007ebca0000)
  to   space 512K,   0% used [0x00000007ebca0000, 0x00000007ebca0000, 0x00000007ebd20000)
 tenured generation   total 10496K, used 5003K [0x00000007f0a00000, 0x00000007f1440000, 0x00000007fae00000)
   the space 10496K,  47% used [0x00000007f0a00000, 0x00000007f0ee2f40, 0x00000007f0ee3000, 0x00000007f1440000)
 compacting perm gen  total 21248K, used 5571K [0x00000007fae00000, 0x00000007fc2c0000, 0x0000000800000000)
   the space 21248K,  26% used [0x00000007fae00000, 0x00000007fb370fe8, 0x00000007fb371000, 0x00000007fc2c0000)
No shared spaces configured.
}
Event: 1.680 GC heap before
{Heap before GC invocations=50 (full 0):
 def new generation   total 4736K, used 4735K [0x00000007eb800000, 0x00000007ebd20000, 0x00000007f0a00000)
  eden space 4224K, 100% used [0x00000007eb800000, 0x00000007ebc20000, 0x00000007ebc20000)
  from space 512K,  99% used [0x00000007ebc20000, 0x00000007ebc9fff0, 0x00000007ebca0000)
  to   space 512K,   0% used [0x00000007ebca0000, 0x00000007ebca0000, 0x00000007ebd20000)
 tenured generation   total 10496K, used 5003K [0x00000007f0a00000, 0x00000007f1440000, 0x00000007fae00000)
   the space 10496K,  47% used [0x00000007f0a00000, 0x00000007f0ee2f40, 0x00000007f0ee3000, 0x00000007f1440000)
 compacting perm gen  total 21248K, used 5572K [0x00000007fae00000, 0x00000007fc2c0000, 0x0000000800000000)
   the space 21248K,  26% used [0x00000007fae00000, 0x00000007fb3710f0, 0x00000007fb371200, 0x00000007fc2c0000)
No shared spaces configured.
Event: 1.680 GC heap after
Heap after GC invocations=51 (full 0):
 def new generation   total 4736K, used 511K [0x00000007eb800000, 0x00000007ebd20000, 0x00000007f0a00000)
  eden space 4224K,   0% used [0x00000007eb800000, 0x00000007eb800000, 0x00000007ebc20000)
  from space 512K,  99% used [0x00000007ebca0000, 0x00000007ebd1ffc0, 0x00000007ebd20000)
  to   space 512K,   0% used [0x00000007ebc20000, 0x00000007ebc20000, 0x00000007ebca0000)
 tenured generation   total 10496K, used 5098K [0x00000007f0a00000, 0x00000007f1440000, 0x00000007fae00000)
   the space 10496K,  48% used [0x00000007f0a00000, 0x00000007f0efabf0, 0x00000007f0efac00, 0x00000007f1440000)
 compacting perm gen  total 21248K, used 5572K [0x00000007fae00000, 0x00000007fc2c0000, 0x0000000800000000)
   the space 21248K,  26% used [0x00000007fae00000, 0x00000007fb3710f0, 0x00000007fb371200, 0x00000007fc2c0000)
No shared spaces configured.
}
Event: 1.706 GC heap before
{Heap before GC invocations=51 (full 0):
 def new generation   total 4736K, used 4735K [0x00000007eb800000, 0x00000007ebd20000, 0x00000007f0a00000)
  eden space 4224K, 100% used [0x00000007eb800000, 0x00000007ebc20000, 0x00000007ebc20000)
  from space 512K,  99% used [0x00000007ebca0000, 0x00000007ebd1ffc0, 0x00000007ebd20000)
  to   space 512K,   0% used [0x00000007ebc20000, 0x00000007ebc20000, 0x00000007ebca0000)
 tenured generation   total 10496K, used 5098K [0x00000007f0a00000, 0x00000007f1440000, 0x00000007fae00000)
   the space 10496K,  48% used [0x00000007f0a00000, 0x00000007f0efabf0, 0x00000007f0efac00, 0x00000007f1440000)
 compacting perm gen  total 21248K, used 5572K [0x00000007fae00000, 0x00000007fc2c0000, 0x0000000800000000)
   the space 21248K,  26% used [0x00000007fae00000, 0x00000007fb3710f0, 0x00000007fb371200, 0x00000007fc2c0000)
No shared spaces configured.
Event: 1.707 GC heap after
Heap after GC invocations=52 (full 0):
 def new generation   total 4736K, used 511K [0x00000007eb800000, 0x00000007ebd20000, 0x00000007f0a00000)
  eden space 4224K,   0% used [0x00000007eb800000, 0x00000007eb800000, 0x00000007ebc20000)
  from space 512K,  99% used [0x00000007ebc20000, 0x00000007ebc9fff0, 0x00000007ebca0000)
  to   space 512K,   0% used [0x00000007ebca0000, 0x00000007ebca0000, 0x00000007ebd20000)
 tenured generation   total 10496K, used 5184K [0x00000007f0a00000, 0x00000007f1440000, 0x00000007fae00000)
   the space 10496K,  49% used [0x00000007f0a00000, 0x00000007f0f10080, 0x00000007f0f10200, 0x00000007f1440000)
 compacting perm gen  total 21248K, used 5572K [0x00000007fae00000, 0x00000007fc2c0000, 0x0000000800000000)
   the space 21248K,  26% used [0x00000007fae00000, 0x00000007fb3710f0, 0x00000007fb371200, 0x00000007fc2c0000)
No shared spaces configured.
}
Event: 1.733 GC heap before
{Heap before GC invocations=52 (full 0):
 def new generation   total 4736K, used 4735K [0x00000007eb800000, 0x00000007ebd20000, 0x00000007f0a00000)
  eden space 4224K, 100% used [0x00000007eb800000, 0x00000007ebc20000, 0x00000007ebc20000)
  from space 512K,  99% used [0x00000007ebc20000, 0x00000007ebc9fff0, 0x00000007ebca0000)
  to   space 512K,   0% used [0x00000007ebca0000, 0x00000007ebca0000, 0x00000007ebd20000)
 tenured generation   total 10496K, used 5184K [0x00000007f0a00000, 0x00000007f1440000, 0x00000007fae00000)
   the space 10496K,  49% used [0x00000007f0a00000, 0x00000007f0f10080, 0x00000007f0f10200, 0x00000007f1440000)
 compacting perm gen  total 21248K, used 5572K [0x00000007fae00000, 0x00000007fc2c0000, 0x0000000800000000)
   the space 21248K,  26% used [0x00000007fae00000, 0x00000007fb3710f0, 0x00000007fb371200, 0x00000007fc2c0000)
No shared spaces configured.
Event: 1.734 GC heap after
Heap after GC invocations=53 (full 0):
 def new generation   total 4736K, used 511K [0x00000007eb800000, 0x00000007ebd20000, 0x00000007f0a00000)
  eden space 4224K,   0% used [0x00000007eb800000, 0x00000007eb800000, 0x00000007ebc20000)
  from space 512K,  99% used [0x00000007ebca0000, 0x00000007ebd1fff8, 0x00000007ebd20000)
  to   space 512K,   0% used [0x00000007ebc20000, 0x00000007ebc20000, 0x00000007ebca0000)
 tenured generation   total 10496K, used 5271K [0x00000007f0a00000, 0x00000007f1440000, 0x00000007fae00000)
   the space 10496K,  50% used [0x00000007f0a00000, 0x00000007f0f25f70, 0x00000007f0f26000, 0x00000007f1440000)
 compacting perm gen  total 21248K, used 5572K [0x00000007fae00000, 0x00000007fc2c0000, 0x0000000800000000)
   the space 21248K,  26% used [0x00000007fae00000, 0x00000007fb3710f0, 0x00000007fb371200, 0x00000007fc2c0000)
No shared spaces configured.
}
Event: 1.761 GC heap before
{Heap before GC invocations=53 (full 0):
 def new generation   total 4736K, used 4735K [0x00000007eb800000, 0x00000007ebd20000, 0x00000007f0a00000)
  eden space 4224K, 100% used [0x00000007eb800000, 0x00000007ebc20000, 0x00000007ebc20000)
  from space 512K,  99% used [0x00000007ebca0000, 0x00000007ebd1fff8, 0x00000007ebd20000)
  to   space 512K,   0% used [0x00000007ebc20000, 0x00000007ebc20000, 0x00000007ebca0000)
 tenured generation   total 10496K, used 5271K [0x00000007f0a00000, 0x00000007f1440000, 0x00000007fae00000)
   the space 10496K,  50% used [0x00000007f0a00000, 0x00000007f0f25f70, 0x00000007f0f26000, 0x00000007f1440000)
 compacting perm gen  total 21248K, used 5572K [0x00000007fae00000, 0x00000007fc2c0000, 0x0000000800000000)
   the space 21248K,  26% used [0x00000007fae00000, 0x00000007fb3710f0, 0x00000007fb371200, 0x00000007fc2c0000)
No shared spaces configured.
Event: 1.762 GC heap after
Heap after GC invocations=54 (full 0):
 def new generation   total 4736K, used 512K [0x00000007eb800000, 0x00000007ebd20000, 0x00000007f0a00000)
  eden space 4224K,   0% used [0x00000007eb800000, 0x00000007eb800000, 0x00000007ebc20000)
  from space 512K, 100% used [0x00000007ebc20000, 0x00000007ebca0000, 0x00000007ebca0000)
  to   space 512K,   0% used [0x00000007ebca0000, 0x00000007ebca0000, 0x00000007ebd20000)
 tenured generation   total 10496K, used 5332K [0x00000007f0a00000, 0x00000007f1440000, 0x00000007fae00000)
   the space 10496K,  50% used [0x00000007f0a00000, 0x00000007f0f35228, 0x00000007f0f35400, 0x00000007f1440000)
 compacting perm gen  total 21248K, used 5572K [0x00000007fae00000, 0x00000007fc2c0000, 0x0000000800000000)
   the space 21248K,  26% used [0x00000007fae00000, 0x00000007fb3710f0, 0x00000007fb371200, 0x00000007fc2c0000)
No shared spaces configured.
}

